<?xml version="1.0" encoding="utf-8"?>
<test-run id="2" testcasecount="6" result="Failed(Child)" total="6" passed="4" failed="1" inconclusive="0" skipped="1" asserts="0" engine-version="3.5.0.0" clr-version="4.0.30319.42000" start-time="2026-08-09 11:21:05Z" end-time="2026-08-09 11:46:49Z" duration="1543.7193964">
  <test-suite type="TestSuite" id="1160" name="PhysicsPuzzleSolver" fullname="PhysicsPuzzleSolver" runstate="Runnable" testcasecount="120" result="Failed" site="Child" start-time="2026-08-09 11:21:05Z" end-time="2026-08-09 11:46:49Z" duration="1543.719396" total="6" passed="4" failed="1" inconclusive="0" skipped="1" asserts="0">
    <properties>
      <property name="platform" value="PlayMode" />
    </properties>
    <failure>
      <message><![CDATA[One or more child tests had errors]]></message>
    </failure>
    <test-suite type="Assembly" id="1153" name="PPS.Solver.PlayTests.dll" fullname="D:/GitRepos/TmpPhysicsPuzzleSolver/Library/ScriptAssemblies/PPS.Solver.PlayTests.dll" runstate="Runnable" testcasecount="46" result="Failed" site="Child" start-time="2026-08-09 11:21:05Z" end-time="2026-08-09 11:46:49Z" duration="1543.701487" total="6" passed="4" failed="1" inconclusive="0" skipped="1" asserts="0">
      <properties>
        <property name="_PID" value="14988" />
        <property name="_APPDOMAIN" value="Unity Child Domain" />
        <property name="platform" value="PlayMode" />
        <property name="EditorOnly" value="False" />
      </properties>
      <failure>
        <message><![CDATA[One or more child tests had errors]]></message>
      </failure>
      <test-suite type="TestSuite" id="1154" name="PPS" fullname="PPS" runstate="Runnable" testcasecount="46" result="Failed" site="Child" start-time="2026-08-09 11:21:05Z" end-time="2026-08-09 11:46:49Z" duration="1543.694847" total="6" passed="4" failed="1" inconclusive="0" skipped="1" asserts="0">
        <properties />
        <failure>
          <message><![CDATA[One or more child tests had errors]]></message>
        </failure>
        <test-suite type="TestSuite" id="1155" name="Solver" fullname="PPS.Solver" runstate="Runnable" testcasecount="46" result="Failed" site="Child" start-time="2026-08-09 11:21:05Z" end-time="2026-08-09 11:46:49Z" duration="1543.675575" total="6" passed="4" failed="1" inconclusive="0" skipped="1" asserts="0">
          <properties />
          <failure>
            <message><![CDATA[One or more child tests had errors]]></message>
          </failure>
          <test-suite type="TestSuite" id="1156" name="Tests" fullname="PPS.Solver.Tests" runstate="Runnable" testcasecount="46" result="Failed" site="Child" start-time="2026-08-09 11:21:05Z" end-time="2026-08-09 11:46:49Z" duration="1543.656106" total="6" passed="4" failed="1" inconclusive="0" skipped="1" asserts="0">
            <properties />
            <failure>
              <message><![CDATA[One or more child tests had errors]]></message>
            </failure>
            <test-suite type="TestFixture" id="1130" name="SolverSearchTests" fullname="PPS.Solver.Tests.SolverSearchTests" classname="PPS.Solver.Tests.SolverSearchTests" runstate="Runnable" testcasecount="6" result="Failed" site="Child" start-time="2026-08-09 11:21:05Z" end-time="2026-08-09 11:46:49Z" duration="1543.638283" total="6" passed="4" failed="1" inconclusive="0" skipped="1" asserts="0">
              <properties />
              <failure>
                <message><![CDATA[One or more child tests had errors]]></message>
              </failure>
              <test-case id="1131" name="L001_은_빈_풀이로_즉시_끝난다" fullname="PPS.Solver.Tests.SolverSearchTests.L001_은_빈_풀이로_즉시_끝난다" methodname="L001_은_빈_풀이로_즉시_끝난다" classname="PPS.Solver.Tests.SolverSearchTests" runstate="Runnable" seed="280262475" result="Passed" start-time="2026-08-09 11:21:05Z" end-time="2026-08-09 11:21:05Z" duration="0.113505" asserts="0">
                <properties>
                  <property name="_JOINTYPE" value="UnityCombinatorial" />
                  <property name="retryIteration" value="0" />
                  <property name="repeatIteration" value="0" />
                </properties>
                <output><![CDATA[[L001] Solved · 선 0 · 시뮬 1 (거부 0) · 노드 1 · 열린목록 최고 1 · 최대 깊이 0 · 최소 목표 거리 0.803 · 0.0초
]]></output>
              </test-case>
              <test-case id="1132" name="L002_는_빈_풀이로_즉시_끝난다" fullname="PPS.Solver.Tests.SolverSearchTests.L002_는_빈_풀이로_즉시_끝난다" methodname="L002_는_빈_풀이로_즉시_끝난다" classname="PPS.Solver.Tests.SolverSearchTests" runstate="Runnable" seed="2047485270" result="Passed" start-time="2026-08-09 11:21:05Z" end-time="2026-08-09 11:21:05Z" duration="0.044920" asserts="0">
                <properties>
                  <property name="_JOINTYPE" value="UnityCombinatorial" />
                  <property name="retryIteration" value="0" />
                  <property name="repeatIteration" value="0" />
                </properties>
                <output><![CDATA[[L002] Solved · 선 0 · 시뮬 1 (거부 0) · 노드 1 · 열린목록 최고 1 · 최대 깊이 0 · 최소 목표 거리 0.790 · 0.0초
]]></output>
              </test-case>
              <test-case id="1136" name="실패_보고서가_시도_횟수와_목표_거리를_싣는다" fullname="PPS.Solver.Tests.SolverSearchTests.실패_보고서가_시도_횟수와_목표_거리를_싣는다" methodname="실패_보고서가_시도_횟수와_목표_거리를_싣는다" classname="PPS.Solver.Tests.SolverSearchTests" runstate="Runnable" seed="1985151133" result="Passed" start-time="2026-08-09 11:21:05Z" end-time="2026-08-09 11:21:05Z" duration="0.185576" asserts="0">
                <properties>
                  <property name="_JOINTYPE" value="UnityCombinatorial" />
                  <property name="retryIteration" value="0" />
                  <property name="repeatIteration" value="0" />
                </properties>
              </test-case>
              <test-case id="1135" name="예산_소진은_풀_수_없음과_다른_값이다" fullname="PPS.Solver.Tests.SolverSearchTests.예산_소진은_풀_수_없음과_다른_값이다" methodname="예산_소진은_풀_수_없음과_다른_값이다" classname="PPS.Solver.Tests.SolverSearchTests" runstate="Runnable" seed="1380017663" result="Passed" start-time="2026-08-09 11:21:05Z" end-time="2026-08-09 11:21:06Z" duration="0.167680" asserts="0">
                <properties>
                  <property name="_JOINTYPE" value="UnityCombinatorial" />
                  <property name="retryIteration" value="0" />
                  <property name="repeatIteration" value="0" />
                </properties>
                <output><![CDATA[[예산 40] SimBudget · 시뮬 40 (거부 384) · 노드 40 · 열린목록 최고 936 · 최대 깊이 1 · 최소 목표 거리 2.448 · 0.0초
]]></output>
              </test-case>
              <test-case id="1134" name="찾은_풀이를_재실행하면_클리어한다" fullname="PPS.Solver.Tests.SolverSearchTests.찾은_풀이를_재실행하면_클리어한다" methodname="찾은_풀이를_재실행하면_클리어한다" classname="PPS.Solver.Tests.SolverSearchTests" runstate="Runnable" seed="16697276" result="Skipped" label="Ignored" start-time="2026-08-09 11:21:06Z" end-time="2026-08-09 11:34:00Z" duration="773.937870" asserts="0">
                <properties>
                  <property name="_JOINTYPE" value="UnityCombinatorial" />
                  <property name="Timeout" value="3600000" />
                  <property name="retryIteration" value="0" />
                  <property name="repeatIteration" value="0" />
                </properties>
                <reason>
                  <message><![CDATA[풀이를 못 찾아 재실행할 것이 없다: SimBudget · 시뮬 200,000 (거부 65,664) · 노드 199,769 · 열린목록 최고 399,153 · 최대 깊이 2 · 최소 목표 거리 1.149 · 225.0초]]></message>
                </reason>
              </test-case>
              <test-case id="1133" name="퍼즐_레벨을_예산_안에_푼다" fullname="PPS.Solver.Tests.SolverSearchTests.퍼즐_레벨을_예산_안에_푼다" methodname="퍼즐_레벨을_예산_안에_푼다" classname="PPS.Solver.Tests.SolverSearchTests" runstate="Runnable" seed="1953746959" result="Failed" start-time="2026-08-09 11:34:00Z" end-time="2026-08-09 11:46:49Z" duration="769.167961" asserts="0">
                <properties>
                  <property name="_JOINTYPE" value="UnityCombinatorial" />
                  <property name="Timeout" value="3600000" />
                  <property name="retryIteration" value="0" />
                  <property name="repeatIteration" value="0" />
                </properties>
                <failure>
                  <message><![CDATA[  예산 200,000 시뮬 안에 못 찾았다
  Expected: Solved
  But was:  SimBudget
]]></message>
                  <stack-trace><![CDATA[at PPS.Solver.Tests.SolverSearchTests+<퍼즐_레벨을_예산_안에_푼다>d__3.MoveNext () [0x00075] in D:\GitRepos\TmpPhysicsPuzzleSolver\Assets\_Project\Tests\PlayMode\Solver\SolverSearchTests.cs:58
at UnityEngine.TestTools.TestEnumerator+<Execute>d__7.MoveNext () [0x0003a] in .\Library\PackageCache\com.unity.test-framework@aebcb98460c6\UnityEngine.TestRunner\NUnitExtensions\Attributes\TestEnumerator.cs:44
]]></stack-trace>
                </failure>
                <output><![CDATA[[GapPuzzle · D0 기준선] SimBudget · 시뮬 200,000 (거부 65,664) · 노드 199,769 · 열린목록 최고 399,153 · 최대 깊이 2 · 최소 목표 거리 1.149 · 226.5초
Saving results to: C:/Users/User/AppData/LocalLow/DefaultCompany/PhysicsPuzzleSolver\TestResults.xml
]]></output>
              </test-case>
            </test-suite>
          </test-suite>
        </test-suite>
      </test-suite>
    </test-suite>
  </test-suite>
</test-run>