<?xml version="1.0" encoding="utf-8"?>
<test-run id="2" testcasecount="2" result="Passed" total="2" passed="2" failed="0" inconclusive="0" skipped="0" asserts="0" engine-version="3.5.0.0" clr-version="4.0.30319.42000" start-time="2026-08-09 07:24:04Z" end-time="2026-08-09 07:24:05Z" duration="0.4762964">
  <test-suite type="TestSuite" id="1148" name="PhysicsPuzzleSolver" fullname="PhysicsPuzzleSolver" runstate="Runnable" testcasecount="110" result="Passed" start-time="2026-08-09 07:24:04Z" end-time="2026-08-09 07:24:05Z" duration="0.476296" total="2" passed="2" failed="0" inconclusive="0" skipped="0" asserts="0">
    <properties>
      <property name="platform" value="PlayMode" />
    </properties>
    <test-suite type="Assembly" id="1141" name="PPS.Solver.PlayTests.dll" fullname="D:/GitRepos/TmpPhysicsPuzzleSolver/Library/ScriptAssemblies/PPS.Solver.PlayTests.dll" runstate="Runnable" testcasecount="39" result="Passed" start-time="2026-08-09 07:24:04Z" end-time="2026-08-09 07:24:05Z" duration="0.458893" total="2" passed="2" failed="0" inconclusive="0" skipped="0" asserts="0">
      <properties>
        <property name="_PID" value="14988" />
        <property name="_APPDOMAIN" value="Unity Child Domain" />
        <property name="platform" value="PlayMode" />
        <property name="EditorOnly" value="False" />
      </properties>
      <test-suite type="TestSuite" id="1142" name="PPS" fullname="PPS" runstate="Runnable" testcasecount="39" result="Passed" start-time="2026-08-09 07:24:04Z" end-time="2026-08-09 07:24:05Z" duration="0.451771" total="2" passed="2" failed="0" inconclusive="0" skipped="0" asserts="0">
        <properties />
        <test-suite type="TestSuite" id="1143" name="Solver" fullname="PPS.Solver" runstate="Runnable" testcasecount="39" result="Passed" start-time="2026-08-09 07:24:04Z" end-time="2026-08-09 07:24:05Z" duration="0.436928" total="2" passed="2" failed="0" inconclusive="0" skipped="0" asserts="0">
          <properties />
          <test-suite type="TestSuite" id="1144" name="Tests" fullname="PPS.Solver.Tests" runstate="Runnable" testcasecount="39" result="Passed" start-time="2026-08-09 07:24:04Z" end-time="2026-08-09 07:24:05Z" duration="0.414816" total="2" passed="2" failed="0" inconclusive="0" skipped="0" asserts="0">
            <properties />
            <test-suite type="TestFixture" id="1122" name="ReachableClosureTests" fullname="PPS.Solver.Tests.ReachableClosureTests" classname="PPS.Solver.Tests.ReachableClosureTests" runstate="Runnable" testcasecount="2" result="Passed" start-time="2026-08-09 07:24:04Z" end-time="2026-08-09 07:24:05Z" duration="0.397447" total="2" passed="2" failed="0" inconclusive="0" skipped="0" asserts="0">
              <properties />
              <test-case id="1123" name="L001_비탈의_도달_가능_셀_곡선" fullname="PPS.Solver.Tests.ReachableClosureTests.L001_비탈의_도달_가능_셀_곡선" methodname="L001_비탈의_도달_가능_셀_곡선" classname="PPS.Solver.Tests.ReachableClosureTests" runstate="Runnable" seed="1737531373" result="Passed" start-time="2026-08-09 07:24:04Z" end-time="2026-08-09 07:24:04Z" duration="0.102660" asserts="0">
                <properties>
                  <property name="_JOINTYPE" value="UnityCombinatorial" />
                  <property name="Timeout" value="3600000" />
                  <property name="retryIteration" value="0" />
                  <property name="repeatIteration" value="0" />
                </properties>
                <output><![CDATA[[격자] 전체 셀 17,056 (위치 416 × 속도 41)
[설정] 후보 280 개 (방향 5 · 크기 2) · 굴림 600 스텝 · 시뮬 상한 3,000,000
깊이 0: 셀      15 (무배치 궤적) 새 셀 15
깊이 1: 셀      24 (0.14 %) 새 셀       9 · 누적 시뮬        16 (월드        16) · 간선      103 ·    0.0초 (월드당 0.92ms · 씬 최고 16)
  [이 깊이] 프론티어 15 · 가지침 100 % · 시뮬 15 (월드 15) · 거부 0 % · 헛방 0 %
  [종료] 클리어 100 % · 실패 0 % · 잠듦 0 % · 정체 0 % · 상한 0 %
  [무배치] 15 판 · 클리어 100 % ← 이 비율만큼 후보를 건너뛴다
  방향   월드      헛방     새 셀
    -90°        0        -         0
    -45°        0        -         0
      0°        0        -         0
     45°        0        -         0
     90°        0        -         0
  Shape         월드      헛방     새 셀
  Line              0        -         0
  Bowl              0        -         0
  Triangle          0        -         0

깊이 2: 셀      27 (0.16 %) 새 셀       3 · 누적 시뮬        25 (월드        25) · 간선      129 ·    0.0초 (월드당 0.77ms · 씬 최고 16)
  [이 깊이] 프론티어 9 · 가지침 100 % · 시뮬 9 (월드 9) · 거부 0 % · 헛방 0 %
  [종료] 클리어 100 % · 실패 0 % · 잠듦 0 % · 정체 0 % · 상한 0 %
  [무배치] 9 판 · 클리어 100 % ← 이 비율만큼 후보를 건너뛴다
  방향   월드      헛방     새 셀
    -90°        0        -         0
    -45°        0        -         0
      0°        0        -         0
     45°        0        -         0
     90°        0        -         0
  Shape         월드      헛방     새 셀
  Line              0        -         0
  Bowl              0        -         0
  Triangle          0        -         0

깊이 3: 셀      29 (0.17 %) 새 셀       2 · 누적 시뮬        28 (월드        28) · 간선      137 ·    0.0초 (월드당 0.76ms · 씬 최고 16)
  [이 깊이] 프론티어 3 · 가지침 100 % · 시뮬 3 (월드 3) · 거부 0 % · 헛방 0 %
  [종료] 클리어 100 % · 실패 0 % · 잠듦 0 % · 정체 0 % · 상한 0 %
  [무배치] 3 판 · 클리어 100 % ← 이 비율만큼 후보를 건너뛴다
  방향   월드      헛방     새 셀
    -90°        0        -         0
    -45°        0        -         0
      0°        0        -         0
     45°        0        -         0
     90°        0        -         0
  Shape         월드      헛방     새 셀
  Line              0        -         0
  Bowl              0        -         0
  Triangle          0        -         0

깊이 4: 셀      31 (0.18 %) 새 셀       2 · 누적 시뮬        30 (월드        30) · 간선      146 ·    0.0초 (월드당 0.73ms · 씬 최고 16)
  [이 깊이] 프론티어 2 · 가지침 100 % · 시뮬 2 (월드 2) · 거부 0 % · 헛방 0 %
  [종료] 클리어 100 % · 실패 0 % · 잠듦 0 % · 정체 0 % · 상한 0 %
  [무배치] 2 판 · 클리어 100 % ← 이 비율만큼 후보를 건너뛴다
  방향   월드      헛방     새 셀
    -90°        0        -         0
    -45°        0        -         0
      0°        0        -         0
     45°        0        -         0
     90°        0        -         0
  Shape         월드      헛방     새 셀
  Line              0        -         0
  Bowl              0        -         0
  Triangle          0        -         0

깊이 5: 셀      34 (0.20 %) 새 셀       3 · 누적 시뮬        32 (월드        32) · 간선      151 ·    0.0초 (월드당 0.70ms · 씬 최고 16)
  [이 깊이] 프론티어 2 · 가지침 100 % · 시뮬 2 (월드 2) · 거부 0 % · 헛방 0 %
  [종료] 클리어 100 % · 실패 0 % · 잠듦 0 % · 정체 0 % · 상한 0 %
  [무배치] 2 판 · 클리어 100 % ← 이 비율만큼 후보를 건너뛴다
  방향   월드      헛방     새 셀
    -90°        0        -         0
    -45°        0        -         0
      0°        0        -         0
     45°        0        -         0
     90°        0        -         0
  Shape         월드      헛방     새 셀
  Line              0        -         0
  Bowl              0        -         0
  Triangle          0        -         0

]]></output>
              </test-case>
              <test-case id="1124" name="L002_낙하와_틈의_도달_가능_셀_곡선" fullname="PPS.Solver.Tests.ReachableClosureTests.L002_낙하와_틈의_도달_가능_셀_곡선" methodname="L002_낙하와_틈의_도달_가능_셀_곡선" classname="PPS.Solver.Tests.ReachableClosureTests" runstate="Runnable" seed="1207679972" result="Passed" start-time="2026-08-09 07:24:04Z" end-time="2026-08-09 07:24:05Z" duration="0.269232" asserts="0">
                <properties>
                  <property name="_JOINTYPE" value="UnityCombinatorial" />
                  <property name="Timeout" value="3600000" />
                  <property name="retryIteration" value="0" />
                  <property name="repeatIteration" value="0" />
                </properties>
                <output><![CDATA[[격자] 전체 셀 46,904 (위치 1144 × 속도 41)
[설정] 후보 280 개 (방향 5 · 크기 2) · 굴림 600 스텝 · 시뮬 상한 3,000,000
깊이 0: 셀      21 (무배치 궤적) 새 셀 21
깊이 1: 셀      73 (0.16 %) 새 셀      52 · 누적 시뮬        22 (월드        22) · 간선      257 ·    0.0초 (월드당 0.80ms · 씬 최고 16)
  [이 깊이] 프론티어 21 · 가지침 100 % · 시뮬 21 (월드 21) · 거부 0 % · 헛방 0 %
  [종료] 클리어 100 % · 실패 0 % · 잠듦 0 % · 정체 0 % · 상한 0 %
  [무배치] 21 판 · 클리어 100 % ← 이 비율만큼 후보를 건너뛴다
  방향   월드      헛방     새 셀
    -90°        0        -         0
    -45°        0        -         0
      0°        0        -         0
     45°        0        -         0
     90°        0        -         0
  Shape         월드      헛방     새 셀
  Line              0        -         0
  Bowl              0        -         0
  Triangle          0        -         0

깊이 2: 셀     100 (0.21 %) 새 셀      27 · 누적 시뮬        74 (월드        74) · 간선      581 ·    0.1초 (월드당 0.71ms · 씬 최고 16)
  [이 깊이] 프론티어 52 · 가지침 100 % · 시뮬 52 (월드 52) · 거부 0 % · 헛방 0 %
  [종료] 클리어 100 % · 실패 0 % · 잠듦 0 % · 정체 0 % · 상한 0 %
  [무배치] 52 판 · 클리어 100 % ← 이 비율만큼 후보를 건너뛴다
  방향   월드      헛방     새 셀
    -90°        0        -         0
    -45°        0        -         0
      0°        0        -         0
     45°        0        -         0
     90°        0        -         0
  Shape         월드      헛방     새 셀
  Line              0        -         0
  Bowl              0        -         0
  Triangle          0        -         0

깊이 3: 셀     102 (0.22 %) 새 셀       2 · 누적 시뮬       101 (월드       101) · 간선      752 ·    0.1초 (월드당 0.77ms · 씬 최고 16)
  [이 깊이] 프론티어 27 · 가지침 100 % · 시뮬 27 (월드 27) · 거부 0 % · 헛방 0 %
  [종료] 클리어 100 % · 실패 0 % · 잠듦 0 % · 정체 0 % · 상한 0 %
  [무배치] 27 판 · 클리어 100 % ← 이 비율만큼 후보를 건너뛴다
  방향   월드      헛방     새 셀
    -90°        0        -         0
    -45°        0        -         0
      0°        0        -         0
     45°        0        -         0
     90°        0        -         0
  Shape         월드      헛방     새 셀
  Line              0        -         0
  Bowl              0        -         0
  Triangle          0        -         0

깊이 4: 셀     102 (0.22 %) 새 셀       0 · 누적 시뮬       103 (월드       103) · 간선      779 ·    0.1초 (월드당 0.78ms · 씬 최고 16)
  [이 깊이] 프론티어 2 · 가지침 100 % · 시뮬 2 (월드 2) · 거부 0 % · 헛방 0 %
  [종료] 클리어 100 % · 실패 0 % · 잠듦 0 % · 정체 0 % · 상한 0 %
  [무배치] 2 판 · 클리어 100 % ← 이 비율만큼 후보를 건너뛴다
  방향   월드      헛방     새 셀
    -90°        0        -         0
    -45°        0        -         0
      0°        0        -         0
     45°        0        -         0
     90°        0        -         0
  Shape         월드      헛방     새 셀
  Line              0        -         0
  Bowl              0        -         0
  Triangle          0        -         0

  ✔ 더 나올 셀이 없다 — 고정점에 도달했다.
Saving results to: C:/Users/User/AppData/LocalLow/DefaultCompany/PhysicsPuzzleSolver\TestResults.xml
]]></output>
              </test-case>
            </test-suite>
          </test-suite>
        </test-suite>
      </test-suite>
    </test-suite>
  </test-suite>
</test-run>